<?xml version="1.0" encoding="UTF-8"?>
<testsuite name="com.companion.NewsfeedControllerSpec" tests="1" skipped="0" failures="0" errors="0" timestamp="2016-08-08T14:57:26" hostname="clinton-pc" time="0.617">
  <properties/>
  <testcase name="News can be fetched" classname="com.companion.NewsfeedControllerSpec" time="0.617"/>
  <system-out><![CDATA[]]></system-out>
  <system-err><![CDATA[]]></system-err>
</testsuite>
