<?xml version="1.0" encoding="UTF-8"?>
<testsuite name="com.companion.ProfileInterceptorSpec" tests="1" skipped="0" failures="0" errors="0" timestamp="2016-08-08T14:57:18" hostname="clinton-pc" time="2.5">
  <properties/>
  <testcase name="Test profile interceptor matching" classname="com.companion.ProfileInterceptorSpec" time="2.5"/>
  <system-out><![CDATA[]]></system-out>
  <system-err><![CDATA[]]></system-err>
</testsuite>
