<?xml version="1.0" encoding="UTF-8"?>
<testsuite name="com.clinton.NewsfeedSpec" tests="1" skipped="0" failures="0" errors="0" timestamp="2016-10-24T06:11:48" hostname="clinton-pc" time="0.658">
  <properties/>
  <testcase name="test something" classname="com.clinton.NewsfeedSpec" time="0.658"/>
  <system-out><![CDATA[]]></system-out>
  <system-err><![CDATA[]]></system-err>
</testsuite>
