<?xml version="1.0" encoding="UTF-8"?>
<testsuite name="com.clinton.ProfileSpec" tests="1" skipped="0" failures="0" errors="0" timestamp="2016-10-24T06:11:41" hostname="clinton-pc" time="5.028">
  <properties/>
  <testcase name="test something" classname="com.clinton.ProfileSpec" time="5.028"/>
  <system-out><![CDATA[]]></system-out>
  <system-err><![CDATA[]]></system-err>
</testsuite>
